Start testing: Oct 16 14:34 UTC
----------------------------------------------------------
1/7 Testing: ms_env_add_back
1/7 Test: ms_env_add_back
Command: "/usr/bin/bash" "/root/projects/Minishell/test_src/run_test_with_valgrind.sh" "/usr/bin/valgrind" "/root/projects/Minishell/test_src/build/test_ms_env_add_back" "valgrind_ms_env_add_back.log" "/root/projects/Minishell/test_src/../assets/supp.supp"
Directory: /root/projects/Minishell/test_src/build
"ms_env_add_back" start time: Oct 16 14:34 UTC
Output:
----------------------------------------------------------
Running suite(s): Minishell
100%: Checks: 4, Failures: 0, Errors: 0
<end of output>
Test time =   0.46 sec
----------------------------------------------------------
Test Passed.
"ms_env_add_back" end time: Oct 16 14:34 UTC
"ms_env_add_back" time elapsed: 00:00:00
----------------------------------------------------------

2/7 Testing: ms_env_create_node
2/7 Test: ms_env_create_node
Command: "/usr/bin/bash" "/root/projects/Minishell/test_src/run_test_with_valgrind.sh" "/usr/bin/valgrind" "/root/projects/Minishell/test_src/build/test_ms_env_create_node" "valgrind_ms_env_create_node.log" "/root/projects/Minishell/test_src/../assets/supp.supp"
Directory: /root/projects/Minishell/test_src/build
"ms_env_create_node" start time: Oct 16 14:34 UTC
Output:
----------------------------------------------------------
Running suite(s): Env
100%: Checks: 3, Failures: 0, Errors: 0
<end of output>
Test time =   0.43 sec
----------------------------------------------------------
Test Passed.
"ms_env_create_node" end time: Oct 16 14:34 UTC
"ms_env_create_node" time elapsed: 00:00:00
----------------------------------------------------------

3/7 Testing: ms_get_user_input
3/7 Test: ms_get_user_input
Command: "/usr/bin/bash" "/root/projects/Minishell/test_src/run_test_with_valgrind.sh" "/usr/bin/valgrind" "/root/projects/Minishell/test_src/build/test_ms_get_user_input" "valgrind_ms_get_user_input.log" "/root/projects/Minishell/test_src/../assets/supp.supp"
Directory: /root/projects/Minishell/test_src/build
"ms_get_user_input" start time: Oct 16 14:34 UTC
Output:
----------------------------------------------------------
Running suite(s): Minishell
100%: Checks: 3, Failures: 0, Errors: 0
<end of output>
Test time =   0.42 sec
----------------------------------------------------------
Test Passed.
"ms_get_user_input" end time: Oct 16 14:34 UTC
"ms_get_user_input" time elapsed: 00:00:00
----------------------------------------------------------

4/7 Testing: ms_init_env
4/7 Test: ms_init_env
Command: "/usr/bin/bash" "/root/projects/Minishell/test_src/run_test_with_valgrind.sh" "/usr/bin/valgrind" "/root/projects/Minishell/test_src/build/test_ms_init_env" "valgrind_ms_init_env.log" "/root/projects/Minishell/test_src/../assets/supp.supp"
Directory: /root/projects/Minishell/test_src/build
"ms_init_env" start time: Oct 16 14:34 UTC
Output:
----------------------------------------------------------
Running suite(s): ms_init_env
100%: Checks: 2, Failures: 0, Errors: 0
<end of output>
Test time =   0.41 sec
----------------------------------------------------------
Test Passed.
"ms_init_env" end time: Oct 16 14:35 UTC
"ms_init_env" time elapsed: 00:00:00
----------------------------------------------------------

5/7 Testing: ms_init_shell
5/7 Test: ms_init_shell
Command: "/usr/bin/bash" "/root/projects/Minishell/test_src/run_test_with_valgrind.sh" "/usr/bin/valgrind" "/root/projects/Minishell/test_src/build/test_ms_init_shell" "valgrind_ms_init_shell.log" "/root/projects/Minishell/test_src/../assets/supp.supp"
Directory: /root/projects/Minishell/test_src/build
"ms_init_shell" start time: Oct 16 14:35 UTC
Output:
----------------------------------------------------------
Running suite(s): ms_init_shell
Minishell: format: no arguments needed!
: No such process
100%: Checks: 4, Failures: 0, Errors: 0
<end of output>
Test time =   0.57 sec
----------------------------------------------------------
Test Passed.
"ms_init_shell" end time: Oct 16 14:35 UTC
"ms_init_shell" time elapsed: 00:00:00
----------------------------------------------------------

6/7 Testing: ms_init_std_signal
6/7 Test: ms_init_std_signal
Command: "/usr/bin/bash" "/root/projects/Minishell/test_src/run_test_with_valgrind.sh" "/usr/bin/valgrind" "/root/projects/Minishell/test_src/build/test_ms_init_std_signal" "valgrind_ms_init_std_signal.log" "/root/projects/Minishell/test_src/../assets/supp.supp"
Directory: /root/projects/Minishell/test_src/build
"ms_init_std_signal" start time: Oct 16 14:35 UTC
Output:
----------------------------------------------------------
Running suite(s): ms_init_std_signal

100%: Checks: 2, Failures: 0, Errors: 0
<end of output>
Test time =   0.45 sec
----------------------------------------------------------
Test Passed.
"ms_init_std_signal" end time: Oct 16 14:35 UTC
"ms_init_std_signal" time elapsed: 00:00:00
----------------------------------------------------------

7/7 Testing: ms_stop_std_signal
7/7 Test: ms_stop_std_signal
Command: "/usr/bin/bash" "/root/projects/Minishell/test_src/run_test_with_valgrind.sh" "/usr/bin/valgrind" "/root/projects/Minishell/test_src/build/test_ms_stop_std_signal" "valgrind_ms_stop_std_signal.log" "/root/projects/Minishell/test_src/../assets/supp.supp"
Directory: /root/projects/Minishell/test_src/build
"ms_stop_std_signal" start time: Oct 16 14:35 UTC
Output:
----------------------------------------------------------
Running suite(s): ms_stop_std_signal
100%: Checks: 2, Failures: 0, Errors: 0
<end of output>
Test time =   0.45 sec
----------------------------------------------------------
Test Passed.
"ms_stop_std_signal" end time: Oct 16 14:35 UTC
"ms_stop_std_signal" time elapsed: 00:00:00
----------------------------------------------------------

End testing: Oct 16 14:35 UTC
